#
# A fatal error has been detected by the Java Runtime Environment:
#
#  EXCEPTION_ACCESS_VIOLATION (0xc0000005) at pc=0x00000000648aa0a5, pid=1528, tid=0x0000000000000c2c
#
# JRE version: Java(TM) SE Runtime Environment (8.0_101-b13) (build 1.8.0_101-b13)
# Java VM: Java HotSpot(TM) 64-Bit Server VM (25.101-b13 mixed mode windows-amd64 compressed oops)
# Problematic frame:
# V  [jvm.dll+0x12a0a5]
#
# Core dump written. Default location: C:\Users\Administrator\Desktop\javaworkspace\Store Locator\hs_err_pid1528.mdmp
#
# If you would like to submit a bug report, please visit:
#   http://bugreport.java.com/bugreport/crash.jsp
#

---------------  T H R E A D  ---------------

Current thread (0x0000000014a66800):  JavaThread "JDWP Transport Listener: dt_socket" daemon [_thread_in_vm, id=3116, stack(0x0000000016380000,0x0000000016480000)]

siginfo: ExceptionCode=0xc0000005, reading address 0xffffffffffffffff

Registers:
RAX=0x000000001647f701, RBX=0x0000000014a66800, RCX=0x65626d754e2f676e, RDX=0x0000000000000000
RSP=0x000000001647f780, RBP=0x65626d754e2f676e, RSI=0x000000001647f898, RDI=0x0000000002284a30
R8 =0x0000000014a66800, R9 =0x0000000000008000, R10=0x0000000000000000, R11=0x000000001647f9d1
R12=0x0000000000000000, R13=0x0000000014a6f2a8, R14=0x0000000000000000, R15=0x0000000000000000
RIP=0x00000000648aa0a5, EFLAGS=0x0000000000010202

Top of Stack: (sp=0x000000001647f780)
0x000000001647f780:   0000000014a66800 0000000014a66800
0x000000001647f790:   000000001647f848 0000000064ab2f0b
0x000000001647f7a0:   0000000014a66800 0000000064acf76d
0x000000001647f7b0:   0000000000000000 00000000645b9155
0x000000001647f7c0:   0000000014aadf10 00000000645c291e
0x000000001647f7d0:   0000000014a66800 0000000000000000
0x000000001647f7e0:   0000000000000000 0000000000000000
0x000000001647f7f0:   65626d754e2f676e 00000000645c1a15
0x000000001647f800:   000000001647f898 000000001647f870
0x000000001647f810:   0000000000000001 0000000014aadf10
0x000000001647f820:   65626d754e2f676e 00000000645a53b3
0x000000001647f830:   000000001647f960 0000000000000001
0x000000001647f840:   0000000000000001 0000000014aadf10
0x000000001647f850:   0000000000000001 0000000000000000
0x000000001647f860:   0000000000000000 0000000000000000
0x000000001647f870:   0000000000000001 00000000645a5571 

Instructions: (pc=0x00000000648aa0a5)
0x00000000648aa085:   cc cc cc cc cc cc cc cc cc cc cc 48 83 ec 28 48
0x00000000648aa095:   85 c9 75 07 33 c0 48 83 c4 28 c3 48 89 5c 24 20
0x00000000648aa0a5:   48 8b 19 48 85 db 74 20 48 83 fb 37 74 1a 48 8b
0x00000000648aa0b5:   13 48 8b cb ff 52 10 84 c0 74 0d 48 8b c3 48 8b 


Register to memory mapping:

RAX=0x000000001647f701 is pointing into the stack for thread: 0x0000000014a66800
RBX=0x0000000014a66800 is a thread
RCX=0x65626d754e2f676e is an unknown value
RDX=0x0000000000000000 is an unknown value
RSP=0x000000001647f780 is pointing into the stack for thread: 0x0000000014a66800
RBP=0x65626d754e2f676e is an unknown value
RSI=0x000000001647f898 is pointing into the stack for thread: 0x0000000014a66800
RDI=0x0000000002284a30 is an unknown value
R8 =0x0000000014a66800 is a thread
R9 =0x0000000000008000 is an unknown value
R10=0x0000000000000000 is an unknown value
R11=0x000000001647f9d1 is pointing into the stack for thread: 0x0000000014a66800
R12=0x0000000000000000 is an unknown value
R13=0x0000000014a6f2a8 is an unknown value
R14=0x0000000000000000 is an unknown value
R15=0x0000000000000000 is an unknown value


Stack: [0x0000000016380000,0x0000000016480000],  sp=0x000000001647f780,  free space=1021k
Native frames: (J=compiled Java code, j=interpreted, Vv=VM code, C=native code)
V  [jvm.dll+0x12a0a5]
V  [jvm.dll+0x34f76d]
C  [jdwp.dll+0x21a15]
C  [jdwp.dll+0x53b3]
C  [jdwp.dll+0x5571]
C  [jdwp.dll+0xf0a8]
C  [jdwp.dll+0x1f2d5]
C  [jdwp.dll+0x1f4aa]
V  [jvm.dll+0x1bd258]
V  [jvm.dll+0x2451a4]
V  [jvm.dll+0x29c18a]
C  [msvcr100.dll+0x21d9f]
C  [msvcr100.dll+0x21e3b]
C  [KERNEL32.DLL+0x13d2]
C  [ntdll.dll+0x154e4]


---------------  P R O C E S S  ---------------

Java Threads: ( => current thread )
  0x0000000014a8a800 JavaThread "Service Thread" daemon [_thread_blocked, id=5440, stack(0x0000000016980000,0x0000000016a80000)]
  0x0000000014a86800 JavaThread "C1 CompilerThread2" daemon [_thread_blocked, id=3704, stack(0x0000000016880000,0x0000000016980000)]
  0x0000000014a85800 JavaThread "C2 CompilerThread1" daemon [_thread_blocked, id=1880, stack(0x0000000016780000,0x0000000016880000)]
  0x0000000014a81000 JavaThread "C2 CompilerThread0" daemon [_thread_blocked, id=1632, stack(0x0000000016680000,0x0000000016780000)]
  0x0000000014a75000 JavaThread "JDWP Command Reader" daemon [_thread_in_native, id=3092, stack(0x0000000016580000,0x0000000016680000)]
  0x0000000014a74000 JavaThread "JDWP Event Helper Thread" daemon [_thread_blocked, id=3328, stack(0x0000000016480000,0x0000000016580000)]
=>0x0000000014a66800 JavaThread "JDWP Transport Listener: dt_socket" daemon [_thread_in_vm, id=3116, stack(0x0000000016380000,0x0000000016480000)]
  0x0000000014a59800 JavaThread "Attach Listener" daemon [_thread_blocked, id=840, stack(0x0000000015fa0000,0x00000000160a0000)]
  0x0000000014a58000 JavaThread "Signal Dispatcher" daemon [_thread_blocked, id=5560, stack(0x0000000015ea0000,0x0000000015fa0000)]
  0x0000000014a40000 JavaThread "Finalizer" daemon [_thread_blocked, id=5692, stack(0x0000000015cc0000,0x0000000015dc0000)]
  0x0000000002377800 JavaThread "Reference Handler" daemon [_thread_blocked, id=1640, stack(0x0000000015bc0000,0x0000000015cc0000)]
  0x0000000002289000 JavaThread "main" [_thread_blocked, id=968, stack(0x0000000002180000,0x0000000002280000)]

Other Threads:
  0x0000000014a18000 VMThread [stack: 0x0000000015ac0000,0x0000000015bc0000] [id=4440]
  0x0000000016b14800 WatcherThread [stack: 0x0000000016e80000,0x0000000016f80000] [id=5928]

VM state:not at safepoint (normal execution)

VM Mutex/Monitor currently owned by a thread: None

Heap:
 PSYoungGen      total 18944K, used 6895K [0x00000000eab00000, 0x00000000ec000000, 0x0000000100000000)
  eden space 16384K, 42% used [0x00000000eab00000,0x00000000eb1bbd30,0x00000000ebb00000)
  from space 2560K, 0% used [0x00000000ebd80000,0x00000000ebd80000,0x00000000ec000000)
  to   space 2560K, 0% used [0x00000000ebb00000,0x00000000ebb00000,0x00000000ebd80000)
 ParOldGen       total 44032K, used 0K [0x00000000c0000000, 0x00000000c2b00000, 0x00000000eab00000)
  object space 44032K, 0% used [0x00000000c0000000,0x00000000c0000000,0x00000000c2b00000)
 Metaspace       used 7069K, capacity 7222K, committed 7424K, reserved 1056768K
  class space    used 893K, capacity 959K, committed 1024K, reserved 1048576K

Card table byte_map: [0x0000000011740000,0x0000000011950000] byte_map_base: 0x0000000011140000

Marking Bits: (ParMarkBitMap*) 0x0000000064f9a6d0
 Begin Bits: [0x0000000011eb0000, 0x0000000012eb0000)
 End Bits:   [0x0000000012eb0000, 0x0000000013eb0000)

Polling page: 0x0000000001fc0000

CodeCache: size=245760Kb used=1542Kb max_used=1542Kb free=244217Kb
 bounds [0x0000000002380000, 0x00000000025f0000, 0x0000000011380000]
 total_blobs=505 nmethods=229 adapters=198
 compilation: enabled

Compilation events (10 events):
Event: 27.360 Thread 0x0000000014a86800  224       3       com.sun.org.apache.xerces.internal.impl.XMLEntityScanner::checkNodeCount (22 bytes)
Event: 27.360 Thread 0x0000000014a86800 nmethod 224 0x00000000024ff550 code [0x00000000024ff6c0, 0x00000000024ff908]
Event: 27.360 Thread 0x0000000014a86800  222       3       com.sun.xml.internal.bind.v2.runtime.JaxBeanInfo::getTypeNames (46 bytes)
Event: 27.361 Thread 0x0000000014a86800 nmethod 222 0x00000000024ff9d0 code [0x00000000024ffbe0, 0x00000000025006e8]
Event: 27.361 Thread 0x0000000014a86800  229       3       java.lang.AbstractStringBuilder::append (40 bytes)
Event: 27.362 Thread 0x0000000014a86800 nmethod 229 0x0000000002500c50 code [0x0000000002500de0, 0x00000000025011d8]
Event: 27.362 Thread 0x0000000014a86800  205       3       java.util.Vector::elementData (7 bytes)
Event: 27.362 Thread 0x0000000014a86800 nmethod 205 0x0000000002501350 code [0x00000000025014a0, 0x0000000002501610]
Event: 27.362 Thread 0x0000000014a86800  202       3       java.nio.ByteBuffer::hasArray (20 bytes)
Event: 27.362 Thread 0x0000000014a86800 nmethod 202 0x0000000002501710 code [0x0000000002501860, 0x0000000002501a50]

GC Heap History (0 events):
No events

Deoptimization events (1 events):
Event: 0.388 Thread 0x0000000002289000 Uncommon trap: reason=unstable_if action=reinterpret pc=0x000000000248657c method=java.lang.String.hashCode()I @ 14

Internal exceptions (10 events):
Event: 0.066 Thread 0x0000000002289000 Exception <a 'java/lang/NoSuchMethodError': Method sun.misc.Unsafe.defineClass(Ljava/lang/String;[BII)Ljava/lang/Class; name or signature does not match> (0x00000000eab07cc0) thrown at [C:\re\workspace\8-2-build-windows-amd64-cygwin\jdk8u101\7261\hotspot\s²¶1:æØ°?
Event: 0.066 Thread 0x0000000002289000 Exception <a 'java/lang/NoSuchMethodError': Method sun.misc.Unsafe.prefetchRead(Ljava/lang/Object;J)V name or signature does not match> (0x00000000eab07fa8) thrown at [C:\re\workspace\8-2-build-windows-amd64-cygwin\jdk8u101\7261\hotspot\src\share\vm\prims\BðµS»Z"@
Event: 9.177 Thread 0x0000000002289000 Exception <a 'java/security/PrivilegedActionException'> (0x00000000eac419a0) thrown at [C:\re\workspace\8-2-build-windows-amd64-cygwin\jdk8u101\7261\hotspot\src\share\vm\prims\jvm.cpp, line 1386]
Event: 9.177 Thread 0x0000000002289000 Exception <a 'java/security/PrivilegedActionException'> (0x00000000eac41bb0) thrown at [C:\re\workspace\8-2-build-windows-amd64-cygwin\jdk8u101\7261\hotspot\src\share\vm\prims\jvm.cpp, line 1386]
Event: 9.221 Thread 0x0000000002289000 Exception <a 'java/security/PrivilegedActionException'> (0x00000000eac457f8) thrown at [C:\re\workspace\8-2-build-windows-amd64-cygwin\jdk8u101\7261\hotspot\src\share\vm\prims\jvm.cpp, line 1386]
Event: 9.221 Thread 0x0000000002289000 Exception <a 'java/security/PrivilegedActionException'> (0x00000000eac45a08) thrown at [C:\re\workspace\8-2-build-windows-amd64-cygwin\jdk8u101\7261\hotspot\src\share\vm\prims\jvm.cpp, line 1386]
Event: 12.557 Thread 0x0000000002289000 Exception <a 'java/lang/ClassNotFoundException': com/sun/org/glassfish/hk2/osgiresourcelocator/ServiceLoader> (0x00000000eae80e28) thrown at [C:\re\workspace\8-2-build-windows-amd64-cygwin\jdk8u101\7261\hotspot\src\share\vm\classfile\systemDictionary.cpp, [+û@»1)@
Event: 12.597 Thread 0x0000000002289000 Exception <a 'java/lang/NullPointerException'> (0x00000000eae95ca8) thrown at [C:\re\workspace\8-2-build-windows-amd64-cygwin\jdk8u101\7261\hotspot\src\share\vm\interpreter\linkResolver.cpp, line 1280]
Event: 26.834 Thread 0x0000000002289000 Exception <a 'java/lang/NoSuchFieldError': method resolution failed> (0x00000000eb0cf8d0) thrown at [C:\re\workspace\8-2-build-windows-amd64-cygwin\jdk8u101\7261\hotspot\src\share\vm\prims\methodHandles.cpp, line 1146]
Event: 26.910 Thread 0x0000000002289000 Exception <a 'java/lang/NoSuchFieldError': method resolution failed> (0x00000000eb0dcc70) thrown at [C:\re\workspace\8-2-build-windows-amd64-cygwin\jdk8u101\7261\hotspot\src\share\vm\prims\methodHandles.cpp, line 1146]

Events (10 events):
Event: 243.149 Executing VM operation: RedefineClasses
Event: 243.151 Executing VM operation: RedefineClasses done
Event: 243.152 Executing VM operation: EnterInterpOnlyMode
Event: 243.152 Executing VM operation: EnterInterpOnlyMode done
Event: 243.152 Executing VM operation: GetCurrentLocation
Event: 243.152 Executing VM operation: GetCurrentLocation done
Event: 243.152 Executing VM operation: ChangeSingleStep
Event: 243.152 Executing VM operation: ChangeSingleStep done
Event: 243.152 Executing VM operation: ChangeSingleStep
Event: 243.152 Executing VM operation: ChangeSingleStep done


Dynamic libraries:
0x00007ff776b90000 - 0x00007ff776bc7000 	C:\Program Files\Java\jre1.8.0_101\bin\javaw.exe
0x00007ffc0a690000 - 0x00007ffc0a83d000 	C:\Windows\SYSTEM32\ntdll.dll
0x00007ffc084e0000 - 0x00007ffc0861e000 	C:\Windows\system32\KERNEL32.DLL
0x00007ffc07a10000 - 0x00007ffc07b25000 	C:\Windows\system32\KERNELBASE.dll
0x00007ffc063e0000 - 0x00007ffc0646e000 	C:\Windows\system32\apphelp.dll
0x00007ffbfdb60000 - 0x00007ffbfdbb3000 	C:\Windows\AppPatch\AppPatch64\AcGenral.DLL
0x00007ffc0a5d0000 - 0x00007ffc0a67a000 	C:\Windows\system32\msvcrt.dll
0x00007ffc075b0000 - 0x00007ffc075de000 	C:\Windows\SYSTEM32\SspiCli.dll
0x00007ffc08020000 - 0x00007ffc08074000 	C:\Windows\system32\SHLWAPI.dll
0x00007ffc08300000 - 0x00007ffc08477000 	C:\Windows\system32\USER32.dll
0x00007ffc08080000 - 0x00007ffc08214000 	C:\Windows\system32\ole32.dll
0x00007ffc08b20000 - 0x00007ffc0a04b000 	C:\Windows\system32\SHELL32.dll
0x00007ffc06d80000 - 0x00007ffc06da1000 	C:\Windows\SYSTEM32\USERENV.dll
0x00007ffc08a70000 - 0x00007ffc08b1a000 	C:\Windows\system32\ADVAPI32.dll
0x00007ffc00f00000 - 0x00007ffc00f1e000 	C:\Windows\SYSTEM32\MPR.dll
0x00007ffc08920000 - 0x00007ffc08a61000 	C:\Windows\system32\RPCRT4.dll
0x00007ffc08480000 - 0x00007ffc084d9000 	C:\Windows\SYSTEM32\sechost.dll
0x00007ffc0a090000 - 0x00007ffc0a2a1000 	C:\Windows\SYSTEM32\combase.dll
0x00007ffc0a480000 - 0x00007ffc0a5d0000 	C:\Windows\system32\GDI32.dll
0x00007ffc077e0000 - 0x00007ffc077f5000 	C:\Windows\SYSTEM32\profapi.dll
0x00007ffc05db0000 - 0x00007ffc05e62000 	C:\Windows\SYSTEM32\SHCORE.dll
0x00007ffc0a050000 - 0x00007ffc0a086000 	C:\Windows\system32\IMM32.DLL
0x00007ffc07e60000 - 0x00007ffc07fb2000 	C:\Windows\system32\MSCTF.dll
0x00007ffc05240000 - 0x00007ffc054bb000 	C:\Windows\WinSxS\amd64_microsoft.windows.common-controls_6595b64144ccf1df_6.0.9600.18006_none_623f33d3ecbe86e8\COMCTL32.dll
0x00000000654a0000 - 0x0000000065572000 	C:\Program Files\Java\jre1.8.0_101\bin\msvcr100.dll
0x0000000064780000 - 0x000000006501a000 	C:\Program Files\Java\jre1.8.0_101\bin\server\jvm.dll
0x00007ffc03e00000 - 0x00007ffc03e09000 	C:\Windows\SYSTEM32\WSOCK32.dll
0x00007ffbfe6f0000 - 0x00007ffbfe712000 	C:\Windows\SYSTEM32\WINMM.dll
0x00007ffc02710000 - 0x00007ffc0271a000 	C:\Windows\SYSTEM32\VERSION.dll
0x00007ffc07e50000 - 0x00007ffc07e57000 	C:\Windows\system32\PSAPI.DLL
0x00007ffc08620000 - 0x00007ffc0867a000 	C:\Windows\system32\WS2_32.dll
0x00007ffbfe6a0000 - 0x00007ffbfe6ca000 	C:\Windows\SYSTEM32\WINMMBASE.dll
0x00007ffc0a680000 - 0x00007ffc0a689000 	C:\Windows\system32\NSI.dll
0x00007ffc078b0000 - 0x00007ffc078ff000 	C:\Windows\SYSTEM32\cfgmgr32.dll
0x00007ffc06660000 - 0x00007ffc06688000 	C:\Windows\SYSTEM32\DEVOBJ.dll
0x0000000065490000 - 0x000000006549f000 	C:\Program Files\Java\jre1.8.0_101\bin\verify.dll
0x0000000065460000 - 0x0000000065489000 	C:\Program Files\Java\jre1.8.0_101\bin\java.dll
0x00000000645a0000 - 0x00000000645d5000 	C:\Program Files\Java\jre1.8.0_101\bin\jdwp.dll
0x00000000652d0000 - 0x00000000652d8000 	C:\Program Files\Java\jre1.8.0_101\bin\npt.dll
0x0000000065440000 - 0x0000000065456000 	C:\Program Files\Java\jre1.8.0_101\bin\zip.dll
0x00000000652c0000 - 0x00000000652c9000 	C:\Program Files\Java\jre1.8.0_101\bin\dt_socket.dll
0x00007ffbfe040000 - 0x00007ffbfe055000 	C:\Windows\system32\napinsp.dll
0x00007ffc04090000 - 0x00007ffc040ab000 	C:\Windows\system32\NLAapi.dll
0x00007ffc06ff0000 - 0x00007ffc07049000 	C:\Windows\System32\mswsock.dll
0x00007ffc06db0000 - 0x00007ffc06e54000 	C:\Windows\SYSTEM32\DNSAPI.dll
0x00007ffbfe060000 - 0x00007ffbfe06d000 	C:\Windows\System32\winrnr.dll
0x00007ffc03b30000 - 0x00007ffc03b9b000 	C:\Windows\System32\fwpuclnt.dll
0x00007ffc01a00000 - 0x00007ffc01a0a000 	C:\Windows\System32\rasadhlp.dll
0x00007ffbece20000 - 0x00007ffbecfa9000 	C:\Windows\system32\DBGHELP.DLL

VM Arguments:
jvm_args: -agentlib:jdwp=transport=dt_socket,suspend=y,address=localhost:65398 -Dfile.encoding=Cp1252 
java_command: com.verizon.main.MainClass
java_class_path (initial): C:\Users\Administrator\Desktop\javaworkspace\Store Locator\build\classes;C:\Users\Administrator\Documents\lib\annotations-api.jar;C:\Users\Administrator\Documents\lib\catalina-ant.jar;C:\Users\Administrator\Documents\lib\catalina-ha.jar;C:\Users\Administrator\Documents\lib\catalina-tribes.jar;C:\Users\Administrator\Documents\lib\catalina.jar;C:\Users\Administrator\Documents\lib\ecj-4.2.2.jar;C:\Users\Administrator\Documents\lib\el-api.jar;C:\Users\Administrator\Documents\lib\jasper-el.jar;C:\Users\Administrator\Documents\lib\jasper.jar;C:\Users\Administrator\Documents\lib\jsp-api.jar;C:\Users\Administrator\Documents\lib\servlet-api.jar;C:\Users\Administrator\Documents\lib\tomcat-api.jar;C:\Users\Administrator\Documents\lib\tomcat-coyote.jar;C:\Users\Administrator\Documents\lib\tomcat-dbcp.jar;C:\Users\Administrator\Documents\lib\tomcat-i18n-es.jar;C:\Users\Administrator\Documents\lib\tomcat-i18n-fr.jar;C:\Users\Administrator\Documents\lib\tomcat-i18n-ja.jar;C:\Users\Administrator\Documents\lib\tomcat-jdbc.jar;C:\Users\Administrator\Documents\lib\tomcat-util.jar;C:\Users\Administrator\Documents\lib\tomcat7-websocket.jar;C:\Users\Administrator\Documents\lib\websocket-api.jar;C:\Users\Administrator\Desktop\javaworkspace\Store Locator\WebContent\WEB-INF\lib\aopalliance-1.0.jar;C:\Users\Administrator\Desktop\javaworkspace\Store Locator\WebContent\WEB-INF\lib\aspectjweaver-1.7.2.jar;C:\Users\Administrator\Desktop\javaworkspace\Store Locator\WebContent\WEB-INF\lib\classmate-0.8.0.jar;C:\Users\Administrator\Desktop\javaworkspace\Store Locator\WebContent\WEB-INF\lib\commons-logging-1.1.1.jar;C:\Users\Administrator\Desktop\javaworkspace\Store Locator\WebContent\WEB-INF\lib\gson-2.2.2.jar;C:\Users\Administrator\Desktop\javaworkspace\Store Locator\WebContent\WEB-INF\lib\hibernate-validator-5.1.3.Final.jar;C:\Users\Administrator\Desktop\javaworkspace\Store Locator\WebContent\WEB-INF\lib\jackson-annotations-2.7.0.jar;C:\Users\Administrator\Desktop\jav
Launcher Type: SUN_STANDARD

Environment Variables:
PATH=C:/Program Files/Java/jre1.8.0_101/bin/server;C:/Program Files/Java/jre1.8.0_101/bin;C:/Program Files/Java/jre1.8.0_101/lib/amd64;C:\ProgramData\Oracle\Java\javapath;C:\Windows\system32;C:\Windows;C:\Windows\System32\Wbem;C:\Windows\System32\WindowsPowerShell\v1.0\;C:\Users\Administrator\Downloads\eclipse-jee-luna-SR2-win32-x86_64\eclipse;
USERNAME=Administrator
OS=Windows_NT
PROCESSOR_IDENTIFIER=Intel64 Family 6 Model 26 Stepping 4, GenuineIntel



---------------  S Y S T E M  ---------------

OS: Windows Server 2012 R2 , 64 bit Build 9600 (6.3.9600.17415)

CPU:total 4 (1 cores per cpu, 1 threads per core) family 6 model 26 stepping 4, cmov, cx8, fxsr, mmx, sse, sse2, sse3, ssse3, sse4.1, sse4.2, popcnt, tsc, tscinvbit, tscinv

Memory: 4k page, physical 4193780k(852424k free), swap 4914676k(1377664k free)

vm_info: Java HotSpot(TM) 64-Bit Server VM (25.101-b13) for windows-amd64 JRE (1.8.0_101-b13), built on Jun 22 2016 01:21:29 by "java_re" with MS VC++ 10.0 (VS2010)

time: Thu Aug 18 18:23:57 2016
elapsed time: 243 seconds (0d 0h 4m 3s)

