#
# A fatal error has been detected by the Java Runtime Environment:
#
#  EXCEPTION_ACCESS_VIOLATION (0xc0000005) at pc=0x00000000648aa0a5, pid=1304, tid=0x000000000000160c
#
# JRE version: Java(TM) SE Runtime Environment (8.0_101-b13) (build 1.8.0_101-b13)
# Java VM: Java HotSpot(TM) 64-Bit Server VM (25.101-b13 mixed mode windows-amd64 compressed oops)
# Problematic frame:
# V  [jvm.dll+0x12a0a5]
#
# Core dump written. Default location: C:\Users\Administrator\Desktop\javaworkspace\Store Locator\hs_err_pid1304.mdmp
#
# If you would like to submit a bug report, please visit:
#   http://bugreport.java.com/bugreport/crash.jsp
#

---------------  T H R E A D  ---------------

Current thread (0x0000000014874000):  JavaThread "JDWP Transport Listener: dt_socket" daemon [_thread_in_vm, id=5644, stack(0x0000000016090000,0x0000000016190000)]

siginfo: ExceptionCode=0xc0000005, reading address 0x0000003200000001

Registers:
RAX=0x000000001618f501, RBX=0x0000000014874000, RCX=0x0000003200000001, RDX=0x0000000000000000
RSP=0x000000001618f4c0, RBP=0x0000003200000001, RSI=0x000000001618f5d8, RDI=0x0000000002094a30
R8 =0x0000000014874000, R9 =0x0000000000008000, R10=0x0000000000000000, R11=0x000000001618f711
R12=0x0000000000000000, R13=0x000000001487d278, R14=0x0000000000000000, R15=0x0000000000000000
RIP=0x00000000648aa0a5, EFLAGS=0x0000000000010202

Top of Stack: (sp=0x000000001618f4c0)
0x000000001618f4c0:   0000000014874000 0000000014874000
0x000000001618f4d0:   000000001618f588 0000000064ab2f0b
0x000000001618f4e0:   0000000014874000 0000000064acf76d
0x000000001618f4f0:   0000000000000000 00000000645b9155
0x000000001618f500:   000000001652c190 00000000645c291e
0x000000001618f510:   0000000014874000 0000000000000000
0x000000001618f520:   0000000000000000 0000000000000000
0x000000001618f530:   0000003200000001 00000000645c1a15
0x000000001618f540:   000000001618f5d8 000000001618f5b0
0x000000001618f550:   0000000000000001 000000001652c190
0x000000001618f560:   0000003200000001 00000000645a53b3
0x000000001618f570:   000000001618f6a0 0000000000000001
0x000000001618f580:   0000000000000001 000000001652c190
0x000000001618f590:   0000000000000001 0000000000000000
0x000000001618f5a0:   0000000000000000 0000000000000000
0x000000001618f5b0:   0000000000000001 00000000645a5571 

Instructions: (pc=0x00000000648aa0a5)
0x00000000648aa085:   cc cc cc cc cc cc cc cc cc cc cc 48 83 ec 28 48
0x00000000648aa095:   85 c9 75 07 33 c0 48 83 c4 28 c3 48 89 5c 24 20
0x00000000648aa0a5:   48 8b 19 48 85 db 74 20 48 83 fb 37 74 1a 48 8b
0x00000000648aa0b5:   13 48 8b cb ff 52 10 84 c0 74 0d 48 8b c3 48 8b 


Register to memory mapping:

RAX=0x000000001618f501 is pointing into the stack for thread: 0x0000000014874000
RBX=0x0000000014874000 is a thread
RCX=0x0000003200000001 is an unknown value
RDX=0x0000000000000000 is an unknown value
RSP=0x000000001618f4c0 is pointing into the stack for thread: 0x0000000014874000
RBP=0x0000003200000001 is an unknown value
RSI=0x000000001618f5d8 is pointing into the stack for thread: 0x0000000014874000
RDI=0x0000000002094a30 is an unknown value
R8 =0x0000000014874000 is a thread
R9 =0x0000000000008000 is an unknown value
R10=0x0000000000000000 is an unknown value
R11=0x000000001618f711 is pointing into the stack for thread: 0x0000000014874000
R12=0x0000000000000000 is an unknown value
R13=0x000000001487d278 is an unknown value
R14=0x0000000000000000 is an unknown value
R15=0x0000000000000000 is an unknown value


Stack: [0x0000000016090000,0x0000000016190000],  sp=0x000000001618f4c0,  free space=1021k
Native frames: (J=compiled Java code, j=interpreted, Vv=VM code, C=native code)
V  [jvm.dll+0x12a0a5]
V  [jvm.dll+0x34f76d]
C  [jdwp.dll+0x21a15]
C  [jdwp.dll+0x53b3]
C  [jdwp.dll+0x5571]
C  [jdwp.dll+0xf0a8]
C  [jdwp.dll+0x1f2d5]
C  [jdwp.dll+0x1f4aa]
V  [jvm.dll+0x1bd258]
V  [jvm.dll+0x2451a4]
V  [jvm.dll+0x29c18a]
C  [msvcr100.dll+0x21d9f]
C  [msvcr100.dll+0x21e3b]
C  [KERNEL32.DLL+0x13d2]
C  [ntdll.dll+0x154e4]


---------------  P R O C E S S  ---------------

Java Threads: ( => current thread )
  0x00000000164f8800 JavaThread "Service Thread" daemon [_thread_blocked, id=3396, stack(0x0000000016a90000,0x0000000016b90000)]
  0x00000000164b2000 JavaThread "C1 CompilerThread2" daemon [_thread_blocked, id=5224, stack(0x0000000016990000,0x0000000016a90000)]
  0x00000000164b1000 JavaThread "C2 CompilerThread1" daemon [_thread_blocked, id=1444, stack(0x0000000016890000,0x0000000016990000)]
  0x000000001488e800 JavaThread "C2 CompilerThread0" daemon [_thread_blocked, id=3620, stack(0x0000000016390000,0x0000000016490000)]
  0x0000000014882800 JavaThread "JDWP Command Reader" daemon [_thread_in_native, id=1472, stack(0x0000000016290000,0x0000000016390000)]
  0x0000000014881800 JavaThread "JDWP Event Helper Thread" daemon [_thread_blocked, id=5168, stack(0x0000000016190000,0x0000000016290000)]
=>0x0000000014874000 JavaThread "JDWP Transport Listener: dt_socket" daemon [_thread_in_vm, id=5644, stack(0x0000000016090000,0x0000000016190000)]
  0x0000000014867800 JavaThread "Attach Listener" daemon [_thread_blocked, id=3804, stack(0x0000000015cb0000,0x0000000015db0000)]
  0x0000000014866800 JavaThread "Signal Dispatcher" daemon [_thread_blocked, id=1148, stack(0x0000000015bb0000,0x0000000015cb0000)]
  0x0000000014850000 JavaThread "Finalizer" daemon [_thread_blocked, id=5236, stack(0x0000000015ab0000,0x0000000015bb0000)]
  0x0000000002189000 JavaThread "Reference Handler" daemon [_thread_blocked, id=4568, stack(0x00000000159b0000,0x0000000015ab0000)]
  0x0000000002099000 JavaThread "main" [_thread_blocked, id=5948, stack(0x0000000001f90000,0x0000000002090000)]

Other Threads:
  0x0000000014828000 VMThread [stack: 0x00000000158b0000,0x00000000159b0000] [id=4800]
  0x0000000016554000 WatcherThread [stack: 0x0000000016b90000,0x0000000016c90000] [id=4996]

VM state:not at safepoint (normal execution)

VM Mutex/Monitor currently owned by a thread: None

Heap:
 PSYoungGen      total 18944K, used 6895K [0x00000000eab00000, 0x00000000ec000000, 0x0000000100000000)
  eden space 16384K, 42% used [0x00000000eab00000,0x00000000eb1bbc80,0x00000000ebb00000)
  from space 2560K, 0% used [0x00000000ebd80000,0x00000000ebd80000,0x00000000ec000000)
  to   space 2560K, 0% used [0x00000000ebb00000,0x00000000ebb00000,0x00000000ebd80000)
 ParOldGen       total 44032K, used 0K [0x00000000c0000000, 0x00000000c2b00000, 0x00000000eab00000)
  object space 44032K, 0% used [0x00000000c0000000,0x00000000c0000000,0x00000000c2b00000)
 Metaspace       used 7085K, capacity 7286K, committed 7424K, reserved 1056768K
  class space    used 893K, capacity 959K, committed 1024K, reserved 1048576K

Card table byte_map: [0x0000000011550000,0x0000000011760000] byte_map_base: 0x0000000010f50000

Marking Bits: (ParMarkBitMap*) 0x0000000064f9a6d0
 Begin Bits: [0x0000000011cc0000, 0x0000000012cc0000)
 End Bits:   [0x0000000012cc0000, 0x0000000013cc0000)

Polling page: 0x0000000000500000

CodeCache: size=245760Kb used=1522Kb max_used=1522Kb free=244237Kb
 bounds [0x0000000002190000, 0x0000000002400000, 0x0000000011190000]
 total_blobs=500 nmethods=224 adapters=198
 compilation: enabled

Compilation events (10 events):
Event: 350.332 Thread 0x00000000164b2000  224       3       com.sun.xml.internal.bind.v2.runtime.JaxBeanInfo::getTypeNames (46 bytes)
Event: 350.333 Thread 0x00000000164b2000 nmethod 224 0x000000000230a950 code [0x000000000230ab60, 0x000000000230b668]
Event: 350.333 Thread 0x00000000164b2000  205       1       java.nio.Buffer::limit (5 bytes)
Event: 350.333 Thread 0x00000000164b2000 nmethod 205 0x000000000230bbd0 code [0x000000000230bd20, 0x000000000230be30]
Event: 350.333 Thread 0x00000000164b2000  206       3       java.nio.CharBuffer::arrayOffset (35 bytes)
Event: 350.334 Thread 0x00000000164b2000 nmethod 206 0x000000000230be90 code [0x000000000230c020, 0x000000000230c318]
Event: 350.334 Thread 0x00000000164b2000  203       3       java.nio.ByteBuffer::hasArray (20 bytes)
Event: 350.334 Thread 0x00000000164b2000 nmethod 203 0x000000000230c450 code [0x000000000230c5a0, 0x000000000230c790]
Event: 350.334 Thread 0x00000000164b2000  204       3       java.nio.CharBuffer::hasArray (20 bytes)
Event: 350.334 Thread 0x00000000164b2000 nmethod 204 0x000000000230c810 code [0x000000000230c960, 0x000000000230cb50]

GC Heap History (0 events):
No events

Deoptimization events (1 events):
Event: 0.402 Thread 0x0000000002099000 Uncommon trap: reason=unstable_if action=reinterpret pc=0x000000000229c21c method=java.lang.String.hashCode()I @ 14

Internal exceptions (10 events):
Event: 0.067 Thread 0x0000000002099000 Exception <a 'java/lang/NoSuchMethodError': Method sun.misc.Unsafe.defineClass(Ljava/lang/String;[BII)Ljava/lang/Class; name or signature does not match> (0x00000000eab07cc0) thrown at [C:\re\workspace\8-2-build-windows-amd64-cygwin\jdk8u101\7261\hotspot\sãPW˜T=±?
Event: 0.067 Thread 0x0000000002099000 Exception <a 'java/lang/NoSuchMethodError': Method sun.misc.Unsafe.prefetchRead(Ljava/lang/Object;J)V name or signature does not match> (0x00000000eab07fa8) thrown at [C:\re\workspace\8-2-build-windows-amd64-cygwin\jdk8u101\7261\hotspot\src\share\vm\prims\À9þ"‚W"@
Event: 9.171 Thread 0x0000000002099000 Exception <a 'java/security/PrivilegedActionException'> (0x00000000eac41920) thrown at [C:\re\workspace\8-2-build-windows-amd64-cygwin\jdk8u101\7261\hotspot\src\share\vm\prims\jvm.cpp, line 1386]
Event: 9.171 Thread 0x0000000002099000 Exception <a 'java/security/PrivilegedActionException'> (0x00000000eac41b30) thrown at [C:\re\workspace\8-2-build-windows-amd64-cygwin\jdk8u101\7261\hotspot\src\share\vm\prims\jvm.cpp, line 1386]
Event: 9.176 Thread 0x0000000002099000 Exception <a 'java/security/PrivilegedActionException'> (0x00000000eac45778) thrown at [C:\re\workspace\8-2-build-windows-amd64-cygwin\jdk8u101\7261\hotspot\src\share\vm\prims\jvm.cpp, line 1386]
Event: 9.176 Thread 0x0000000002099000 Exception <a 'java/security/PrivilegedActionException'> (0x00000000eac45988) thrown at [C:\re\workspace\8-2-build-windows-amd64-cygwin\jdk8u101\7261\hotspot\src\share\vm\prims\jvm.cpp, line 1386]
Event: 9.713 Thread 0x0000000002099000 Exception <a 'java/lang/ClassNotFoundException': com/sun/org/glassfish/hk2/osgiresourcelocator/ServiceLoader> (0x00000000eae80d88) thrown at [C:\re\workspace\8-2-build-windows-amd64-cygwin\jdk8u101\7261\hotspot\src\share\vm\classfile\systemDictionary.cpp, ÕÍ
†t#@
Event: 9.728 Thread 0x0000000002099000 Exception <a 'java/lang/NullPointerException'> (0x00000000eae95c08) thrown at [C:\re\workspace\8-2-build-windows-amd64-cygwin\jdk8u101\7261\hotspot\src\share\vm\interpreter\linkResolver.cpp, line 1280]
Event: 349.657 Thread 0x0000000002099000 Exception <a 'java/lang/NoSuchFieldError': method resolution failed> (0x00000000eb0cf8e8) thrown at [C:\re\workspace\8-2-build-windows-amd64-cygwin\jdk8u101\7261\hotspot\src\share\vm\prims\methodHandles.cpp, line 1146]
Event: 349.729 Thread 0x0000000002099000 Exception <a 'java/lang/NoSuchFieldError': method resolution failed> (0x00000000eb0dcc88) thrown at [C:\re\workspace\8-2-build-windows-amd64-cygwin\jdk8u101\7261\hotspot\src\share\vm\prims\methodHandles.cpp, line 1146]

Events (10 events):
Event: 527.911 Executing VM operation: RedefineClasses
Event: 527.913 Executing VM operation: RedefineClasses done
Event: 527.914 Executing VM operation: EnterInterpOnlyMode
Event: 527.914 Executing VM operation: EnterInterpOnlyMode done
Event: 527.914 Executing VM operation: GetCurrentLocation
Event: 527.914 Executing VM operation: GetCurrentLocation done
Event: 527.914 Executing VM operation: ChangeSingleStep
Event: 527.914 Executing VM operation: ChangeSingleStep done
Event: 527.914 Executing VM operation: ChangeSingleStep
Event: 527.915 Executing VM operation: ChangeSingleStep done


Dynamic libraries:
0x00007ff776b90000 - 0x00007ff776bc7000 	C:\Program Files\Java\jre1.8.0_101\bin\javaw.exe
0x00007ffc0a690000 - 0x00007ffc0a83d000 	C:\Windows\SYSTEM32\ntdll.dll
0x00007ffc084e0000 - 0x00007ffc0861e000 	C:\Windows\system32\KERNEL32.DLL
0x00007ffc07a10000 - 0x00007ffc07b25000 	C:\Windows\system32\KERNELBASE.dll
0x00007ffc063e0000 - 0x00007ffc0646e000 	C:\Windows\system32\apphelp.dll
0x00007ffbfdb60000 - 0x00007ffbfdbb3000 	C:\Windows\AppPatch\AppPatch64\AcGenral.DLL
0x00007ffc0a5d0000 - 0x00007ffc0a67a000 	C:\Windows\system32\msvcrt.dll
0x00007ffc075b0000 - 0x00007ffc075de000 	C:\Windows\SYSTEM32\SspiCli.dll
0x00007ffc08020000 - 0x00007ffc08074000 	C:\Windows\system32\SHLWAPI.dll
0x00007ffc08300000 - 0x00007ffc08477000 	C:\Windows\system32\USER32.dll
0x00007ffc08080000 - 0x00007ffc08214000 	C:\Windows\system32\ole32.dll
0x00007ffc08b20000 - 0x00007ffc0a04b000 	C:\Windows\system32\SHELL32.dll
0x00007ffc06d80000 - 0x00007ffc06da1000 	C:\Windows\SYSTEM32\USERENV.dll
0x00007ffc08a70000 - 0x00007ffc08b1a000 	C:\Windows\system32\ADVAPI32.dll
0x00007ffc00f00000 - 0x00007ffc00f1e000 	C:\Windows\SYSTEM32\MPR.dll
0x00007ffc08920000 - 0x00007ffc08a61000 	C:\Windows\system32\RPCRT4.dll
0x00007ffc08480000 - 0x00007ffc084d9000 	C:\Windows\SYSTEM32\sechost.dll
0x00007ffc0a090000 - 0x00007ffc0a2a1000 	C:\Windows\SYSTEM32\combase.dll
0x00007ffc0a480000 - 0x00007ffc0a5d0000 	C:\Windows\system32\GDI32.dll
0x00007ffc077e0000 - 0x00007ffc077f5000 	C:\Windows\SYSTEM32\profapi.dll
0x00007ffc05db0000 - 0x00007ffc05e62000 	C:\Windows\SYSTEM32\SHCORE.dll
0x00007ffc0a050000 - 0x00007ffc0a086000 	C:\Windows\system32\IMM32.DLL
0x00007ffc07e60000 - 0x00007ffc07fb2000 	C:\Windows\system32\MSCTF.dll
0x00007ffc05240000 - 0x00007ffc054bb000 	C:\Windows\WinSxS\amd64_microsoft.windows.common-controls_6595b64144ccf1df_6.0.9600.18006_none_623f33d3ecbe86e8\COMCTL32.dll
0x00000000654a0000 - 0x0000000065572000 	C:\Program Files\Java\jre1.8.0_101\bin\msvcr100.dll
0x0000000064780000 - 0x000000006501a000 	C:\Program Files\Java\jre1.8.0_101\bin\server\jvm.dll
0x00007ffc03e00000 - 0x00007ffc03e09000 	C:\Windows\SYSTEM32\WSOCK32.dll
0x00007ffbfe6f0000 - 0x00007ffbfe712000 	C:\Windows\SYSTEM32\WINMM.dll
0x00007ffc02710000 - 0x00007ffc0271a000 	C:\Windows\SYSTEM32\VERSION.dll
0x00007ffc07e50000 - 0x00007ffc07e57000 	C:\Windows\system32\PSAPI.DLL
0x00007ffc08620000 - 0x00007ffc0867a000 	C:\Windows\system32\WS2_32.dll
0x00007ffbfe6a0000 - 0x00007ffbfe6ca000 	C:\Windows\SYSTEM32\WINMMBASE.dll
0x00007ffc0a680000 - 0x00007ffc0a689000 	C:\Windows\system32\NSI.dll
0x00007ffc078b0000 - 0x00007ffc078ff000 	C:\Windows\SYSTEM32\cfgmgr32.dll
0x00007ffc06660000 - 0x00007ffc06688000 	C:\Windows\SYSTEM32\DEVOBJ.dll
0x0000000065490000 - 0x000000006549f000 	C:\Program Files\Java\jre1.8.0_101\bin\verify.dll
0x0000000065460000 - 0x0000000065489000 	C:\Program Files\Java\jre1.8.0_101\bin\java.dll
0x00000000645a0000 - 0x00000000645d5000 	C:\Program Files\Java\jre1.8.0_101\bin\jdwp.dll
0x00000000652d0000 - 0x00000000652d8000 	C:\Program Files\Java\jre1.8.0_101\bin\npt.dll
0x0000000065440000 - 0x0000000065456000 	C:\Program Files\Java\jre1.8.0_101\bin\zip.dll
0x00000000652c0000 - 0x00000000652c9000 	C:\Program Files\Java\jre1.8.0_101\bin\dt_socket.dll
0x00007ffbfe040000 - 0x00007ffbfe055000 	C:\Windows\system32\napinsp.dll
0x00007ffc04090000 - 0x00007ffc040ab000 	C:\Windows\system32\NLAapi.dll
0x00007ffc06ff0000 - 0x00007ffc07049000 	C:\Windows\System32\mswsock.dll
0x00007ffc06db0000 - 0x00007ffc06e54000 	C:\Windows\SYSTEM32\DNSAPI.dll
0x00007ffbfe060000 - 0x00007ffbfe06d000 	C:\Windows\System32\winrnr.dll
0x00007ffc03b30000 - 0x00007ffc03b9b000 	C:\Windows\System32\fwpuclnt.dll
0x00007ffc01a00000 - 0x00007ffc01a0a000 	C:\Windows\System32\rasadhlp.dll
0x00007ffbed1b0000 - 0x00007ffbed339000 	C:\Windows\system32\DBGHELP.DLL

VM Arguments:
jvm_args: -agentlib:jdwp=transport=dt_socket,suspend=y,address=localhost:65104 -Dfile.encoding=Cp1252 
java_command: com.verizon.main.MainClass
java_class_path (initial): C:\Users\Administrator\Desktop\javaworkspace\Store Locator\build\classes;C:\Users\Administrator\Documents\lib\annotations-api.jar;C:\Users\Administrator\Documents\lib\catalina-ant.jar;C:\Users\Administrator\Documents\lib\catalina-ha.jar;C:\Users\Administrator\Documents\lib\catalina-tribes.jar;C:\Users\Administrator\Documents\lib\catalina.jar;C:\Users\Administrator\Documents\lib\ecj-4.2.2.jar;C:\Users\Administrator\Documents\lib\el-api.jar;C:\Users\Administrator\Documents\lib\jasper-el.jar;C:\Users\Administrator\Documents\lib\jasper.jar;C:\Users\Administrator\Documents\lib\jsp-api.jar;C:\Users\Administrator\Documents\lib\servlet-api.jar;C:\Users\Administrator\Documents\lib\tomcat-api.jar;C:\Users\Administrator\Documents\lib\tomcat-coyote.jar;C:\Users\Administrator\Documents\lib\tomcat-dbcp.jar;C:\Users\Administrator\Documents\lib\tomcat-i18n-es.jar;C:\Users\Administrator\Documents\lib\tomcat-i18n-fr.jar;C:\Users\Administrator\Documents\lib\tomcat-i18n-ja.jar;C:\Users\Administrator\Documents\lib\tomcat-jdbc.jar;C:\Users\Administrator\Documents\lib\tomcat-util.jar;C:\Users\Administrator\Documents\lib\tomcat7-websocket.jar;C:\Users\Administrator\Documents\lib\websocket-api.jar;C:\Users\Administrator\Desktop\javaworkspace\Store Locator\WebContent\WEB-INF\lib\aopalliance-1.0.jar;C:\Users\Administrator\Desktop\javaworkspace\Store Locator\WebContent\WEB-INF\lib\aspectjweaver-1.7.2.jar;C:\Users\Administrator\Desktop\javaworkspace\Store Locator\WebContent\WEB-INF\lib\classmate-0.8.0.jar;C:\Users\Administrator\Desktop\javaworkspace\Store Locator\WebContent\WEB-INF\lib\commons-logging-1.1.1.jar;C:\Users\Administrator\Desktop\javaworkspace\Store Locator\WebContent\WEB-INF\lib\gson-2.2.2.jar;C:\Users\Administrator\Desktop\javaworkspace\Store Locator\WebContent\WEB-INF\lib\hibernate-validator-5.1.3.Final.jar;C:\Users\Administrator\Desktop\javaworkspace\Store Locator\WebContent\WEB-INF\lib\jackson-annotations-2.7.0.jar;C:\Users\Administrator\Desktop\jav
Launcher Type: SUN_STANDARD

Environment Variables:
PATH=C:/Program Files/Java/jre1.8.0_101/bin/server;C:/Program Files/Java/jre1.8.0_101/bin;C:/Program Files/Java/jre1.8.0_101/lib/amd64;C:\ProgramData\Oracle\Java\javapath;C:\Windows\system32;C:\Windows;C:\Windows\System32\Wbem;C:\Windows\System32\WindowsPowerShell\v1.0\;C:\Users\Administrator\Downloads\eclipse-jee-luna-SR2-win32-x86_64\eclipse;
USERNAME=Administrator
OS=Windows_NT
PROCESSOR_IDENTIFIER=Intel64 Family 6 Model 26 Stepping 4, GenuineIntel



---------------  S Y S T E M  ---------------

OS: Windows Server 2012 R2 , 64 bit Build 9600 (6.3.9600.17415)

CPU:total 4 (1 cores per cpu, 1 threads per core) family 6 model 26 stepping 4, cmov, cx8, fxsr, mmx, sse, sse2, sse3, ssse3, sse4.1, sse4.2, popcnt, tsc, tscinvbit, tscinv

Memory: 4k page, physical 4193780k(868488k free), swap 4914676k(1397892k free)

vm_info: Java HotSpot(TM) 64-Bit Server VM (25.101-b13) for windows-amd64 JRE (1.8.0_101-b13), built on Jun 22 2016 01:21:29 by "java_re" with MS VC++ 10.0 (VS2010)

time: Thu Aug 18 18:18:54 2016
elapsed time: 528 seconds (0d 0h 8m 48s)

